<?xml version="1.0" encoding="UTF-8"?>
<testsuite name="hogwartSim.dumbledore.DumbledoreTest" tests="4" skipped="0" failures="0" errors="0" timestamp="2021-06-14T16:51:17" hostname="DESKTOP-SU3QL3H" time="0.07">
  <properties/>
  <testcase name="declareWinner_IfMultipleHousesHaveTheSamePoints_TheSecondOneWins()" classname="hogwartSim.dumbledore.DumbledoreTest" time="0.06"/>
  <testcase name="addPoints()" classname="hogwartSim.dumbledore.DumbledoreTest" time="0.001"/>
  <testcase name="declareWinner_WhenSlytherinHasTheMostPoints()" classname="hogwartSim.dumbledore.DumbledoreTest" time="0.002"/>
  <testcase name="declareWinnerWhenNumbersAreNegative()" classname="hogwartSim.dumbledore.DumbledoreTest" time="0.002"/>
  <system-out><![CDATA[Dumbledore really wants house HUFFLEPUFF to win, so he added them 20 points.
]]></system-out>
  <system-err><![CDATA[]]></system-err>
</testsuite>
